{"C:\\Users\\HP\\Desktop\\personal-proyect-beyond-V.1\\backend\\src\\engine\\dice.ts": {"path":"C:\\Users\\HP\\Desktop\\personal-proyect-beyond-V.1\\backend\\src\\engine\\dice.ts","statementMap":{"0":{"start":{"line":23,"column":0},"end":{"line":23,"column":16}},"1":{"start":{"line":14,"column":25},"end":{"line":14,"column":74}},"2":{"start":{"line":14,"column":39},"end":{"line":14,"column":74}},"3":{"start":{"line":14,"column":13},"end":{"line":14,"column":25}},"4":{"start":{"line":24,"column":26},"end":{"line":24,"column":28}},"5":{"start":{"line":27,"column":22},"end":{"line":32,"column":3}},"6":{"start":{"line":28,"column":4},"end":{"line":30,"column":5}},"7":{"start":{"line":29,"column":6},"end":{"line":29,"column":32}},"8":{"start":{"line":31,"column":4},"end":{"line":31,"column":23}},"9":{"start":{"line":34,"column":20},"end":{"line":34,"column":33}},"10":{"start":{"line":35,"column":2},"end":{"line":35,"column":26}},"11":{"start":{"line":38,"column":26},"end":{"line":38,"column":50}},"12":{"start":{"line":40,"column":2},"end":{"line":51,"column":3}},"13":{"start":{"line":41,"column":26},"end":{"line":41,"column":39}},"14":{"start":{"line":42,"column":4},"end":{"line":42,"column":30}},"15":{"start":{"line":44,"column":4},"end":{"line":50,"column":6}},"16":{"start":{"line":54,"column":19},"end":{"line":54,"column":30}},"17":{"start":{"line":55,"column":26},"end":{"line":55,"column":28}},"18":{"start":{"line":56,"column":19},"end":{"line":56,"column":24}},"19":{"start":{"line":58,"column":2},"end":{"line":64,"column":3}},"20":{"start":{"line":59,"column":4},"end":{"line":59,"column":22}},"21":{"start":{"line":60,"column":4},"end":{"line":60,"column":32}},"22":{"start":{"line":61,"column":4},"end":{"line":61,"column":28}},"23":{"start":{"line":62,"column":4},"end":{"line":62,"column":30}},"24":{"start":{"line":63,"column":4},"end":{"line":63,"column":27}},"25":{"start":{"line":66,"column":2},"end":{"line":72,"column":4}}},"fnMap":{"0":{"name":"(anonymous_0)","decl":{"start":{"line":14,"column":25},"end":{"line":14,"column":36}},"loc":{"start":{"line":14,"column":39},"end":{"line":14,"column":74}}},"1":{"name":"rollD100","decl":{"start":{"line":23,"column":16},"end":{"line":23,"column":24}},"loc":{"start":{"line":23,"column":86},"end":{"line":73,"column":1}}},"2":{"name":"(anonymous_2)","decl":{"start":{"line":27,"column":22},"end":{"line":27,"column":33}},"loc":{"start":{"line":27,"column":35},"end":{"line":32,"column":3}}}},"branchMap":{"0":{"loc":{"start":{"line":28,"column":4},"end":{"line":30,"column":5}},"type":"if","locations":[{"start":{"line":28,"column":4},"end":{"line":30,"column":5}},{"start":{},"end":{}}]},"1":{"loc":{"start":{"line":28,"column":8},"end":{"line":28,"column":41}},"type":"binary-expr","locations":[{"start":{"line":28,"column":8},"end":{"line":28,"column":17}},{"start":{"line":28,"column":21},"end":{"line":28,"column":41}}]},"2":{"loc":{"start":{"line":38,"column":26},"end":{"line":38,"column":50}},"type":"cond-expr","locations":[{"start":{"line":38,"column":45},"end":{"line":38,"column":46}},{"start":{"line":38,"column":49},"end":{"line":38,"column":50}}]},"3":{"loc":{"start":{"line":40,"column":2},"end":{"line":51,"column":3}},"type":"if","locations":[{"start":{"line":40,"column":2},"end":{"line":51,"column":3}},{"start":{},"end":{}}]},"4":{"loc":{"start":{"line":58,"column":9},"end":{"line":58,"column":64}},"type":"binary-expr","locations":[{"start":{"line":58,"column":9},"end":{"line":58,"column":41}},{"start":{"line":58,"column":45},"end":{"line":58,"column":64}}]}},"s":{"0":1,"1":1,"2":2,"3":1,"4":9,"5":9,"6":18,"7":17,"8":1,"9":9,"10":9,"11":9,"12":9,"13":2,"14":2,"15":2,"16":7,"17":7,"18":7,"19":7,"20":7,"21":7,"22":7,"23":7,"24":7,"25":7},"f":{"0":2,"1":9,"2":18},"b":{"0":[17,1],"1":[18,17],"2":[2,7],"3":[2,7],"4":[14,7]}}
}
