TN:
SF:src\engine\dice.ts
FN:14,(anonymous_0)
FN:23,rollD100
FN:27,(anonymous_2)
FNF:3
FNH:3
FNDA:2,(anonymous_0)
FNDA:9,rollD100
FNDA:18,(anonymous_2)
DA:14,2
DA:23,1
DA:24,9
DA:27,9
DA:28,18
DA:29,17
DA:31,1
DA:34,9
DA:35,9
DA:38,9
DA:40,9
DA:41,2
DA:42,2
DA:44,2
DA:54,7
DA:55,7
DA:56,7
DA:58,7
DA:59,7
DA:60,7
DA:61,7
DA:62,7
DA:63,7
DA:66,7
LF:24
LH:24
BRDA:28,0,0,17
BRDA:28,0,1,1
BRDA:28,1,0,18
BRDA:28,1,1,17
BRDA:38,2,0,2
BRDA:38,2,1,7
BRDA:40,3,0,2
BRDA:40,3,1,7
BRDA:58,4,0,14
BRDA:58,4,1,7
BRF:10
BRH:10
end_of_record
